2018-07-08 10:58:18.764 [main] INFO  [org.springframework.boot.test.context.SpringBootTestContextBootstrapper:319] maincid - Neither @ContextConfiguration nor @ContextHierarchy found for test class [com.xieminghui.house.AuthTest], using SpringBootContextLoader
2018-07-08 10:58:18.768 [main] INFO  [org.springframework.test.context.support.AbstractContextLoader:264] maincid - Could not detect default resource locations for test class [com.xieminghui.house.AuthTest]: no resource found for suffixes {-context.xml, Context.groovy}.
2018-07-08 10:58:18.769 [main] INFO  [org.springframework.test.context.support.AnnotationConfigContextLoaderUtils:81] maincid - Could not detect default configuration classes for test class [com.xieminghui.house.AuthTest]: AuthTest does not declare any static, non-private, non-final, nested classes annotated with @Configuration.
2018-07-08 10:58:18.871 [main] INFO  [org.springframework.boot.test.context.SpringBootTestContextBootstrapper:177] maincid - Found @SpringBootConfiguration com.xieminghui.house.HouseApplication for test class com.xieminghui.house.AuthTest
2018-07-08 10:58:18.876 [main] INFO  [org.springframework.boot.test.context.SpringBootTestContextBootstrapper:260] maincid - Loaded default TestExecutionListener class names from location [META-INF/spring.factories]: [org.springframework.boot.test.mock.mockito.MockitoTestExecutionListener, org.springframework.boot.test.mock.mockito.ResetMocksTestExecutionListener, org.springframework.boot.test.autoconfigure.restdocs.RestDocsTestExecutionListener, org.springframework.boot.test.autoconfigure.web.client.MockRestServiceServerResetTestExecutionListener, org.springframework.boot.test.autoconfigure.web.servlet.MockMvcPrintOnlyOnFailureTestExecutionListener, org.springframework.boot.test.autoconfigure.web.servlet.WebDriverTestExecutionListener, org.springframework.test.context.web.ServletTestExecutionListener, org.springframework.test.context.support.DirtiesContextBeforeModesTestExecutionListener, org.springframework.test.context.support.DependencyInjectionTestExecutionListener, org.springframework.test.context.support.DirtiesContextTestExecutionListener, org.springframework.test.context.transaction.TransactionalTestExecutionListener, org.springframework.test.context.jdbc.SqlScriptsTestExecutionListener]
2018-07-08 10:58:18.897 [main] INFO  [org.springframework.boot.test.context.SpringBootTestContextBootstrapper:187] maincid - Using TestExecutionListeners: [org.springframework.test.context.web.ServletTestExecutionListener@560348e6, org.springframework.test.context.support.DirtiesContextBeforeModesTestExecutionListener@1df8b5b8, org.springframework.boot.test.autoconfigure.SpringBootDependencyInjectionTestExecutionListener@23202fce, org.springframework.test.context.support.DirtiesContextTestExecutionListener@7b993c65, org.springframework.test.context.transaction.TransactionalTestExecutionListener@37911f88, org.springframework.test.context.jdbc.SqlScriptsTestExecutionListener@6f1c29b7, org.springframework.boot.test.autoconfigure.web.servlet.MockMvcPrintOnlyOnFailureTestExecutionListener@4d6025c5, org.springframework.boot.test.autoconfigure.restdocs.RestDocsTestExecutionListener@7f284218, org.springframework.boot.test.autoconfigure.web.servlet.WebDriverTestExecutionListener@407a7f2a, org.springframework.boot.test.mock.mockito.MockitoTestExecutionListener@4ea5b703, org.springframework.boot.test.autoconfigure.web.client.MockRestServiceServerResetTestExecutionListener@2a7ed1f, org.springframework.boot.test.mock.mockito.ResetMocksTestExecutionListener@3fa247d1]
2018-07-08 10:58:29.507 [background-preinit] INFO  [org.hibernate.validator.internal.util.Version:30] background-preinitcid - HV000001: Hibernate Validator 5.2.5.Final
2018-07-08 10:58:34.405 [main] INFO  [com.xieminghui.house.AuthTest:48] maincid - Starting AuthTest on xieminghuis-MacBook-Pro.local with PID 8687 (started by xieminghui in /Users/xieminghui/IdeaProjects/house/house-web)
2018-07-08 10:58:34.405 [main] INFO  [com.xieminghui.house.AuthTest:666] maincid - The following profiles are active: dev
2018-07-08 10:58:34.431 [main] INFO  [org.springframework.web.context.support.GenericWebApplicationContext:583] maincid - Refreshing org.springframework.web.context.support.GenericWebApplicationContext@53d1b9b3: startup date [Sun Jul 08 10:58:34 CST 2018]; root of context hierarchy
2018-07-08 10:58:36.081 [main] INFO  [com.alibaba.druid.pool.DruidDataSource:106] maincid - {dataSource-1} inited
2018-07-08 10:58:47.051 [main] INFO  [org.springframework.boot.test.mock.web.SpringBootMockServletContext:440] maincid - jolokia: No access restrictor found, access to any MBean is allowed
2018-07-08 10:58:47.144 [main] INFO  [org.springframework.web.servlet.mvc.method.annotation.RequestMappingHandlerAdapter:534] maincid - Looking for @ControllerAdvice: org.springframework.web.context.support.GenericWebApplicationContext@53d1b9b3: startup date [Sun Jul 08 10:58:34 CST 2018]; root of context hierarchy
2018-07-08 10:58:47.201 [main] INFO  [org.springframework.web.servlet.mvc.method.annotation.RequestMappingHandlerMapping:543] maincid - Mapped "{[/agency/create]}" onto public java.lang.String com.xieminghui.house.web.controller.AgencyController.agencyCreate()
2018-07-08 10:58:47.202 [main] INFO  [org.springframework.web.servlet.mvc.method.annotation.RequestMappingHandlerMapping:543] maincid - Mapped "{[/agency/agentList]}" onto public java.lang.String com.xieminghui.house.web.controller.AgencyController.agentList(java.lang.Integer,java.lang.Integer,org.springframework.ui.ModelMap)
2018-07-08 10:58:47.202 [main] INFO  [org.springframework.web.servlet.mvc.method.annotation.RequestMappingHandlerMapping:543] maincid - Mapped "{[/agency/agentDetail]}" onto public java.lang.String com.xieminghui.house.web.controller.AgencyController.agentDetail(java.lang.Long,org.springframework.ui.ModelMap)
2018-07-08 10:58:47.203 [main] INFO  [org.springframework.web.servlet.mvc.method.annotation.RequestMappingHandlerMapping:543] maincid - Mapped "{[/agency/agentMsg]}" onto public java.lang.String com.xieminghui.house.web.controller.AgencyController.agentMsg(java.lang.Long,java.lang.String,java.lang.String,java.lang.String,org.springframework.ui.ModelMap)
2018-07-08 10:58:47.203 [main] INFO  [org.springframework.web.servlet.mvc.method.annotation.RequestMappingHandlerMapping:543] maincid - Mapped "{[/agency/agencyDetail]}" onto public java.lang.String com.xieminghui.house.web.controller.AgencyController.agencyDetail(java.lang.Integer,org.springframework.ui.ModelMap)
2018-07-08 10:58:47.203 [main] INFO  [org.springframework.web.servlet.mvc.method.annotation.RequestMappingHandlerMapping:543] maincid - Mapped "{[/agency/list]}" onto public java.lang.String com.xieminghui.house.web.controller.AgencyController.agencyList(org.springframework.ui.ModelMap)
2018-07-08 10:58:47.203 [main] INFO  [org.springframework.web.servlet.mvc.method.annotation.RequestMappingHandlerMapping:543] maincid - Mapped "{[/agency/submit]}" onto public java.lang.String com.xieminghui.house.web.controller.AgencyController.agencySubmit(com.xieminghui.house.common.model.Agency)
2018-07-08 10:58:47.204 [main] INFO  [org.springframework.web.servlet.mvc.method.annotation.RequestMappingHandlerMapping:543] maincid - Mapped "{[/index]}" onto public java.lang.String com.xieminghui.house.web.controller.HelloController.index()
2018-07-08 10:58:47.204 [main] INFO  [org.springframework.web.servlet.mvc.method.annotation.RequestMappingHandlerMapping:543] maincid - Mapped "{[/accounts/profile]}" onto public java.lang.String com.xieminghui.house.web.controller.UserController.profile(javax.servlet.http.HttpServletRequest,com.xieminghui.house.common.model.User,org.springframework.ui.ModelMap)
2018-07-08 10:58:47.205 [main] INFO  [org.springframework.web.servlet.mvc.method.annotation.RequestMappingHandlerMapping:543] maincid - Mapped "{[/accounts/verify]}" onto public java.lang.String com.xieminghui.house.web.controller.UserController.verify(java.lang.String)
2018-07-08 10:58:47.205 [main] INFO  [org.springframework.web.servlet.mvc.method.annotation.RequestMappingHandlerMapping:543] maincid - Mapped "{[/users]}" onto public java.util.List<com.xieminghui.house.common.model.User> com.xieminghui.house.web.controller.UserController.getUsers()
2018-07-08 10:58:47.205 [main] INFO  [org.springframework.web.servlet.mvc.method.annotation.RequestMappingHandlerMapping:543] maincid - Mapped "{[/accounts/logout]}" onto public java.lang.String com.xieminghui.house.web.controller.UserController.logout(javax.servlet.http.HttpServletRequest)
2018-07-08 10:58:47.205 [main] INFO  [org.springframework.web.servlet.mvc.method.annotation.RequestMappingHandlerMapping:543] maincid - Mapped "{[/accounts/register]}" onto public java.lang.String com.xieminghui.house.web.controller.UserController.accountsRegister(com.xieminghui.house.common.model.User,org.springframework.ui.ModelMap)
2018-07-08 10:58:47.206 [main] INFO  [org.springframework.web.servlet.mvc.method.annotation.RequestMappingHandlerMapping:543] maincid - Mapped "{[/accounts/signin]}" onto public java.lang.String com.xieminghui.house.web.controller.UserController.signin(javax.servlet.http.HttpServletRequest)
2018-07-08 10:58:47.209 [main] INFO  [org.springframework.web.servlet.mvc.method.annotation.RequestMappingHandlerMapping:543] maincid - Mapped "{[/error]}" onto public org.springframework.http.ResponseEntity<java.util.Map<java.lang.String, java.lang.Object>> org.springframework.boot.autoconfigure.web.BasicErrorController.error(javax.servlet.http.HttpServletRequest)
2018-07-08 10:58:47.210 [main] INFO  [org.springframework.web.servlet.mvc.method.annotation.RequestMappingHandlerMapping:543] maincid - Mapped "{[/error],produces=[text/html]}" onto public org.springframework.web.servlet.ModelAndView org.springframework.boot.autoconfigure.web.BasicErrorController.errorHtml(javax.servlet.http.HttpServletRequest,javax.servlet.http.HttpServletResponse)
2018-07-08 10:58:47.238 [main] INFO  [org.springframework.web.servlet.handler.SimpleUrlHandlerMapping:362] maincid - Mapped URL path [/webjars/**] onto handler of type [class org.springframework.web.servlet.resource.ResourceHttpRequestHandler]
2018-07-08 10:58:47.238 [main] INFO  [org.springframework.web.servlet.handler.SimpleUrlHandlerMapping:362] maincid - Mapped URL path [/**] onto handler of type [class org.springframework.web.servlet.resource.ResourceHttpRequestHandler]
2018-07-08 10:58:47.253 [main] INFO  [org.springframework.web.servlet.mvc.method.annotation.ExceptionHandlerExceptionResolver:273] maincid - Detected @ExceptionHandler methods in errorhandler
2018-07-08 10:58:47.275 [main] INFO  [org.springframework.web.servlet.handler.SimpleUrlHandlerMapping:362] maincid - Mapped URL path [/**/favicon.ico] onto handler of type [class org.springframework.web.servlet.resource.ResourceHttpRequestHandler]
2018-07-08 10:58:47.390 [main] INFO  [org.springframework.scheduling.concurrent.ThreadPoolTaskScheduler:165] maincid - Initializing ExecutorService  'registrationTaskScheduler'
2018-07-08 10:58:47.728 [main] INFO  [org.springframework.web.servlet.view.freemarker.FreeMarkerConfigurer:127] maincid - ClassTemplateLoader for Spring macros added to FreeMarker configuration
2018-07-08 10:58:47.869 [main] WARN  [org.springframework.boot.actuate.autoconfigure.EndpointWebMvcAutoConfiguration:159] maincid - Could not start embedded management container on different port (management endpoints are still available through JMX)
2018-07-08 10:58:47.887 [registrationTask1] ERROR [org.springframework.scheduling.support.TaskUtils$LoggingErrorHandler:95] registrationTask1cid - Unexpected error occurred in scheduled task.
java.lang.IllegalStateException: serviceUrl must be set when deployed to servlet-container
	at de.codecentric.boot.admin.client.registration.DefaultApplicationFactory.getServiceUrl(DefaultApplicationFactory.java:61) ~[spring-boot-admin-starter-client-1.5.0.jar:1.5.0]
	at de.codecentric.boot.admin.client.registration.DefaultApplicationFactory.getManagementUrl(DefaultApplicationFactory.java:77) ~[spring-boot-admin-starter-client-1.5.0.jar:1.5.0]
	at de.codecentric.boot.admin.client.registration.DefaultApplicationFactory.getHealthUrl(DefaultApplicationFactory.java:92) ~[spring-boot-admin-starter-client-1.5.0.jar:1.5.0]
	at de.codecentric.boot.admin.client.registration.DefaultApplicationFactory.createApplication(DefaultApplicationFactory.java:46) ~[spring-boot-admin-starter-client-1.5.0.jar:1.5.0]
	at de.codecentric.boot.admin.client.registration.ApplicationRegistrator.createApplication(ApplicationRegistrator.java:126) ~[spring-boot-admin-starter-client-1.5.0.jar:1.5.0]
	at de.codecentric.boot.admin.client.registration.ApplicationRegistrator.register(ApplicationRegistrator.java:65) ~[spring-boot-admin-starter-client-1.5.0.jar:1.5.0]
	at de.codecentric.boot.admin.client.registration.RegistrationApplicationListener$1.run(RegistrationApplicationListener.java:80) ~[spring-boot-admin-starter-client-1.5.0.jar:1.5.0]
	at org.springframework.scheduling.support.DelegatingErrorHandlingRunnable.run(DelegatingErrorHandlingRunnable.java:54) ~[spring-context-4.3.9.RELEASE.jar:4.3.9.RELEASE]
	at java.util.concurrent.Executors$RunnableAdapter.call(Executors.java:511) ~[?:1.8.0_172]
	at java.util.concurrent.FutureTask.runAndReset(FutureTask.java:308) ~[?:1.8.0_172]
	at java.util.concurrent.ScheduledThreadPoolExecutor$ScheduledFutureTask.access$301(ScheduledThreadPoolExecutor.java:180) ~[?:1.8.0_172]
	at java.util.concurrent.ScheduledThreadPoolExecutor$ScheduledFutureTask.run(ScheduledThreadPoolExecutor.java:294) ~[?:1.8.0_172]
	at java.util.concurrent.ThreadPoolExecutor.runWorker(ThreadPoolExecutor.java:1149) [?:1.8.0_172]
	at java.util.concurrent.ThreadPoolExecutor$Worker.run(ThreadPoolExecutor.java:624) [?:1.8.0_172]
	at java.lang.Thread.run(Thread.java:748) [?:1.8.0_172]
2018-07-08 10:58:47.887 [main] INFO  [com.xieminghui.house.AuthTest:57] maincid - Started AuthTest in 28.911 seconds (JVM running for 35.125)
2018-07-08 10:58:48.319 [Thread-1] INFO  [org.springframework.web.context.support.GenericWebApplicationContext:984] Thread-1cid - Closing org.springframework.web.context.support.GenericWebApplicationContext@53d1b9b3: startup date [Sun Jul 08 10:58:34 CST 2018]; root of context hierarchy
2018-07-08 10:58:48.322 [Thread-1] INFO  [org.springframework.scheduling.concurrent.ThreadPoolTaskScheduler:203] Thread-1cid - Shutting down ExecutorService 'registrationTaskScheduler'
